0 info it worked if it ends with ok
1 verbose cli [ '/home/zibx/.nvm/versions/node/v6.2.0/bin/node',
1 verbose cli   '/home/zibx/.nvm/versions/node/v6.2.0/bin/npm',
1 verbose cli   'version',
1 verbose cli   'patch' ]
2 info using npm@3.8.9
3 info using node@v6.2.0
4 info git [ 'status', '--porcelain' ]
5 verbose stack Error: Git working directory not clean.
5 verbose stack M index.js
5 verbose stack     at /home/zibx/.nvm/versions/node/v6.2.0/lib/node_modules/npm/lib/version.js:246:19
5 verbose stack     at ChildProcess.exithandler (child_process.js:193:7)
5 verbose stack     at emitTwo (events.js:106:13)
5 verbose stack     at ChildProcess.emit (events.js:191:7)
5 verbose stack     at maybeClose (internal/child_process.js:850:16)
5 verbose stack     at Socket.<anonymous> (internal/child_process.js:323:11)
5 verbose stack     at emitOne (events.js:96:13)
5 verbose stack     at Socket.emit (events.js:188:7)
5 verbose stack     at Pipe._handle.close [as _onclose] (net.js:492:12)
6 verbose cwd /home/zibx/work/nano-dom
7 error Linux 4.11.12-100.fc24.x86_64
8 error argv "/home/zibx/.nvm/versions/node/v6.2.0/bin/node" "/home/zibx/.nvm/versions/node/v6.2.0/bin/npm" "version" "patch"
9 error node v6.2.0
10 error npm  v3.8.9
11 error Git working directory not clean.
11 error M index.js
12 error If you need help, you may report this error at:
12 error     <https://github.com/npm/npm/issues>
13 verbose exit [ 1, true ]
